This is XeTeX, Version 3.1415926-2.2-0.9995.1 (MiKTeX 2.8) (preloaded format=xelatex 2010.5.28)  30 MAY 2010 01:24
entering extended mode
**C:/Users/Martin/Desktop/Personal/projectwork/SSE3/SSE3Report/SSE3Report.tex
(C:/Users/Martin/Desktop/Personal/projectwork/SSE3/SSE3Report/SSE3Report.tex
LaTeX2e <2009/09/24>
Babel <v3.8l> and hyphenation patterns for english, dumylang, nohyphenation, ge
rman, ngerman, german-x-2009-06-19, ngerman-x-2009-06-19, french, loaded.
("C:\Program Files\MiKTeX 2.8\tex\latex\base\article.cls"
Document Class: article 2007/10/19 v1.4h Standard LaTeX document class
("C:\Program Files\MiKTeX 2.8\tex\latex\base\size10.clo"
File: size10.clo 2007/10/19 v1.4h Standard LaTeX file (size option)
)
\c@part=\count79
\c@section=\count80
\c@subsection=\count81
\c@subsubsection=\count82
\c@paragraph=\count83
\c@subparagraph=\count84
\c@figure=\count85
\c@table=\count86
\abovecaptionskip=\skip41
\belowcaptionskip=\skip42
\bibindent=\dimen102
)
("C:\Program Files\MiKTeX 2.8\tex\xelatex\xetexurl\url.sty"
\Urlmuskip=\muskip10
Package: url 2004/03/15  ver 3.1  Verb mode for urls, etc.
)
("C:\Program Files\MiKTeX 2.8\tex\latex\listings\listings.sty"
("C:\Program Files\MiKTeX 2.8\tex\latex\graphics\keyval.sty"
Package: keyval 1999/03/16 v1.13 key=value parser (DPC)
\KV@toks@=\toks14
)
\lst@mode=\count87
\lst@gtempboxa=\box26
\lst@token=\toks15
\lst@length=\count88
\lst@currlwidth=\dimen103
\lst@column=\count89
\lst@pos=\count90
\lst@lostspace=\dimen104
\lst@width=\dimen105
\lst@newlines=\count91
\lst@lineno=\count92
\lst@maxwidth=\dimen106

("C:\Program Files\MiKTeX 2.8\tex\latex\listings\lstmisc.sty"
File: lstmisc.sty 2007/02/22 1.4 (Carsten Heinz)
\c@lstnumber=\count93
\lst@skipnumbers=\count94
\lst@framebox=\box27
)
("C:\Program Files\MiKTeX 2.8\tex\latex\listings\listings.cfg"
File: listings.cfg 2007/02/22 1.4 listings configuration
))
Package: listings 2007/02/22 1.4 (Carsten Heinz)

("C:\Program Files\MiKTeX 2.8\tex\latex\graphics\graphicx.sty"
Package: graphicx 1999/02/16 v1.0f Enhanced LaTeX Graphics (DPC,SPQR)

("C:\Program Files\MiKTeX 2.8\tex\latex\graphics\graphics.sty"
Package: graphics 2009/02/05 v1.0o Standard LaTeX Graphics (DPC,SPQR)

("C:\Program Files\MiKTeX 2.8\tex\latex\graphics\trig.sty"
Package: trig 1999/03/16 v1.09 sin cos tan (DPC)
)
("C:\Program Files\MiKTeX 2.8\tex\latex\00miktex\graphics.cfg"
File: graphics.cfg 2007/01/18 v1.5 graphics configuration of teTeX/TeXLive
)
Package graphics Info: Driver file: xetex.def on input line 91.

("C:\Program Files\MiKTeX 2.8\tex\xelatex\xetex-def\xetex.def"
File: xetex.def 2006/08/10 v0.92 LaTeX color/graphics driver for XeTeX (RRM, mo
d. JK)
))
\Gin@req@height=\dimen107
\Gin@req@width=\dimen108
)
("C:\Program Files\MiKTeX 2.8\tex\latex\graphics\color.sty"
Package: color 2005/11/14 v1.0j Standard LaTeX Color (DPC)

("C:\Program Files\MiKTeX 2.8\tex\latex\00miktex\color.cfg"
File: color.cfg 2007/01/18 v1.5 color configuration of teTeX/TeXLive
)
Package color Info: Driver file: xetex.def on input line 130.
)
("C:\Program Files\MiKTeX 2.8\tex\latex\enumitem\enumitem.sty"
Package: enumitem 2009/05/18 v2.2 Customized lists
\enit@toks=\toks16
\labelindent=\skip43
\enit@outerparindent=\dimen109
\enitdp@desc=\count95
)
(C:\Users\Martin\Desktop\Personal\projectwork\SSE3\SSE3Report\SSE3Report.aux)
LaTeX Font Info:    Checking defaults for OML/cmm/m/it on input line 13.
LaTeX Font Info:    ... okay on input line 13.
LaTeX Font Info:    Checking defaults for T1/cmr/m/n on input line 13.
LaTeX Font Info:    ... okay on input line 13.
LaTeX Font Info:    Checking defaults for OT1/cmr/m/n on input line 13.
LaTeX Font Info:    ... okay on input line 13.
LaTeX Font Info:    Checking defaults for OMS/cmsy/m/n on input line 13.
LaTeX Font Info:    ... okay on input line 13.
LaTeX Font Info:    Checking defaults for OMX/cmex/m/n on input line 13.
LaTeX Font Info:    ... okay on input line 13.
LaTeX Font Info:    Checking defaults for U/cmr/m/n on input line 13.
LaTeX Font Info:    ... okay on input line 13.
\c@lstlisting=\count96
Requested font "cmr17" at 17.28pt
 -> cmr17
Requested font "cmr12" at 12.0pt
 -> cmr12
Requested font "cmr8" at 8.0pt
 -> cmr8
Requested font "cmr6" at 6.0pt
 -> cmr6
Requested font "cmmi12" at 12.0pt
 -> cmmi12
Requested font "cmmi8" at 8.0pt
 -> cmmi8
Requested font "cmmi6" at 6.0pt
 -> cmmi6
Requested font "cmsy10" at 12.0pt
 -> cmsy10
Requested font "cmsy8" at 8.0pt
 -> cmsy8
Requested font "cmsy6" at 6.0pt
 -> cmsy6
LaTeX Font Info:    External font `cmex10' loaded for size
(Font)              <12> on input line 17.
LaTeX Font Info:    External font `cmex10' loaded for size
(Font)              <8> on input line 17.
LaTeX Font Info:    External font `cmex10' loaded for size
(Font)              <6> on input line 17.
Requested font "cmr9" at 9.0pt
 -> cmr9
Requested font "cmbx9" at 9.0pt
 -> cmbx9
Requested font "cmr12" at 14.4pt
 -> cmr12
Requested font "cmbx12" at 14.4pt
 -> cmbx12

Underfull \hbox (badness 10000) in paragraph at lines 28--29

 []

Requested font "cmbx12" at 12.0pt
 -> cmbx12
[1

]
File: Content_of_Tweets_Graphed.png Graphic file (type QTm)
 <use  "Content_of_Tweets_Graphed.png" >
LaTeX Font Info:    Try loading font information for OMS+cmr on input line 46.

("C:\Program Files\MiKTeX 2.8\tex\latex\base\omscmr.fd"
File: omscmr.fd 1999/05/25 v2.5h Standard LaTeX font definitions
)
LaTeX Font Info:    Font shape `OMS/cmr/m/n' in size <10> not available
(Font)              Font shape `OMS/cmsy/m/n' tried instead on input line 46.
 [2] [3]
(C:\Users\Martin\Desktop\Personal\projectwork\SSE3\SSE3Report\SSE3Report.bbl
Requested font "cmti10" at 10.0pt
 -> cmti10

[4]
Requested font "cmtt10" at 10.0pt
 -> cmtt10
LaTeX Font Info:    External font `cmex10' loaded for size
(Font)              <7> on input line 72.
LaTeX Font Info:    External font `cmex10' loaded for size
(Font)              <5> on input line 72.

Overfull \hbox (44.5524pt too wide) in paragraph at lines 70--76
\OT1/cmtt/m/n/10 http : / / cheatedbylife . com / 2010 / 05 / 08 / twitter-[]fa
cts-[]figures-[]infographic/$ 
 []


Underfull \hbox (badness 10000) in paragraph at lines 70--76
\OT1/cmtt/m/n/10 http : / / theweek . com / article / index / 202378 / When[]wo
rld[]leaders[]
 []

) [5]
(C:\Users\Martin\Desktop\Personal\projectwork\SSE3\SSE3Report\SSE3Report.aux) )
 
Here is how much of TeX's memory you used:
 2061 strings out of 430435
 28157 string characters out of 3189876
 80542 words of memory out of 3000000
 5236 multiletter control sequences out of 15000+200000
 8708 words of font info for 31 fonts, out of 3000000 for 9000
 14 hyphenation exceptions out of 8191
 26i,7n,32p,959b,299s stack positions out of 5000i,500n,10000p,200000b,50000s

Output written on SSE3Report.pdf (5 pages).
